2020-10-18 13:15:31,779 INFO Increased RLIMIT_NOFILE limit to 1024
2020-10-18 13:15:31,791 INFO RPC interface 'supervisor' initialized
2020-10-18 13:15:31,791 CRIT Server 'inet_http_server' running without any HTTP authentication checking
2020-10-18 13:15:31,794 INFO daemonizing the supervisord process
2020-10-18 13:15:31,798 INFO supervisord started with pid 6903
2020-10-18 13:15:32,804 INFO spawned: 'mytwittersearch' with pid 6904
2020-10-18 13:15:33,808 INFO success: mytwittersearch entered RUNNING state, process has stayed up for > than 1 seconds (startsecs)
2020-10-18 18:23:41,340 INFO exited: mytwittersearch (exit status 0; expected)
2020-10-18 18:23:42,352 INFO spawned: 'mytwittersearch' with pid 7320
2020-10-18 18:23:43,363 INFO success: mytwittersearch entered RUNNING state, process has stayed up for > than 1 seconds (startsecs)
2020-10-19 01:43:52,979 INFO exited: mytwittersearch (exit status 0; expected)
2020-10-19 01:43:53,984 INFO spawned: 'mytwittersearch' with pid 9641
2020-10-19 01:43:54,987 INFO success: mytwittersearch entered RUNNING state, process has stayed up for > than 1 seconds (startsecs)
2020-10-19 04:02:20,679 INFO exited: mytwittersearch (exit status 0; expected)
2020-10-19 04:02:21,684 INFO spawned: 'mytwittersearch' with pid 10263
2020-10-19 04:02:22,687 INFO success: mytwittersearch entered RUNNING state, process has stayed up for > than 1 seconds (startsecs)
2020-10-19 07:24:52,395 INFO exited: mytwittersearch (exit status 0; expected)
2020-10-19 07:24:53,403 INFO spawned: 'mytwittersearch' with pid 10484
2020-10-19 07:24:54,408 INFO success: mytwittersearch entered RUNNING state, process has stayed up for > than 1 seconds (startsecs)
2020-10-19 14:27:02,496 INFO exited: mytwittersearch (exit status 0; expected)
2020-10-19 14:27:03,661 INFO spawned: 'mytwittersearch' with pid 15175
2020-10-19 14:27:04,780 INFO success: mytwittersearch entered RUNNING state, process has stayed up for > than 1 seconds (startsecs)
2020-10-19 16:02:34,358 INFO exited: mytwittersearch (exit status 0; expected)
2020-10-19 16:02:35,373 INFO spawned: 'mytwittersearch' with pid 15942
2020-10-19 16:02:36,376 INFO success: mytwittersearch entered RUNNING state, process has stayed up for > than 1 seconds (startsecs)
2020-10-19 16:19:41,355 INFO exited: mytwittersearch (exit status 0; expected)
2020-10-19 16:19:42,372 INFO spawned: 'mytwittersearch' with pid 16145
2020-10-19 16:19:43,415 INFO success: mytwittersearch entered RUNNING state, process has stayed up for > than 1 seconds (startsecs)
2020-10-19 20:20:35,490 INFO exited: mytwittersearch (exit status 0; expected)
2020-10-19 20:20:36,505 INFO spawned: 'mytwittersearch' with pid 16953
2020-10-19 20:20:37,510 INFO success: mytwittersearch entered RUNNING state, process has stayed up for > than 1 seconds (startsecs)
2020-10-20 09:42:41,443 INFO exited: mytwittersearch (exit status 0; expected)
2020-10-20 09:42:42,457 INFO spawned: 'mytwittersearch' with pid 17993
2020-10-20 09:42:43,462 INFO success: mytwittersearch entered RUNNING state, process has stayed up for > than 1 seconds (startsecs)
2020-10-20 11:26:36,645 INFO exited: mytwittersearch (exit status 0; expected)
2020-10-20 11:26:37,661 INFO spawned: 'mytwittersearch' with pid 18204
2020-10-20 11:26:38,680 INFO success: mytwittersearch entered RUNNING state, process has stayed up for > than 1 seconds (startsecs)
2020-10-20 15:01:21,530 INFO exited: mytwittersearch (exit status 0; expected)
2020-10-20 15:01:22,539 INFO spawned: 'mytwittersearch' with pid 20184
2020-10-20 15:01:23,559 INFO success: mytwittersearch entered RUNNING state, process has stayed up for > than 1 seconds (startsecs)
2020-10-20 17:13:45,200 INFO exited: mytwittersearch (exit status 0; expected)
2020-10-20 17:13:46,332 INFO spawned: 'mytwittersearch' with pid 20704
2020-10-20 17:13:47,338 INFO success: mytwittersearch entered RUNNING state, process has stayed up for > than 1 seconds (startsecs)
2020-10-20 20:54:56,064 INFO exited: mytwittersearch (exit status 0; expected)
2020-10-20 20:54:57,074 INFO spawned: 'mytwittersearch' with pid 21395
2020-10-20 20:54:58,077 INFO success: mytwittersearch entered RUNNING state, process has stayed up for > than 1 seconds (startsecs)
2020-10-21 08:29:38,102 INFO exited: mytwittersearch (exit status 0; expected)
2020-10-21 08:29:39,115 INFO spawned: 'mytwittersearch' with pid 22086
2020-10-21 08:29:40,162 INFO success: mytwittersearch entered RUNNING state, process has stayed up for > than 1 seconds (startsecs)
