2020-10-21 13:17:23,145 INFO Increased RLIMIT_NOFILE limit to 1024
2020-10-21 13:17:23,168 INFO RPC interface 'supervisor' initialized
2020-10-21 13:17:23,168 CRIT Server 'inet_http_server' running without any HTTP authentication checking
2020-10-21 13:17:23,173 INFO daemonizing the supervisord process
2020-10-21 13:17:23,176 INFO supervisord started with pid 1365
2020-10-21 13:17:24,183 INFO spawned: 'mytwittersearch' with pid 1369
2020-10-21 13:17:25,187 INFO success: mytwittersearch entered RUNNING state, process has stayed up for > than 1 seconds (startsecs)
2020-10-21 16:17:41,781 INFO exited: mytwittersearch (exit status 0; expected)
2020-10-21 16:17:42,789 INFO spawned: 'mytwittersearch' with pid 4712
2020-10-21 16:17:43,792 INFO success: mytwittersearch entered RUNNING state, process has stayed up for > than 1 seconds (startsecs)
2020-10-21 16:40:40,396 INFO exited: mytwittersearch (exit status 0; expected)
2020-10-21 16:40:41,401 INFO spawned: 'mytwittersearch' with pid 4915
2020-10-21 16:40:42,408 INFO success: mytwittersearch entered RUNNING state, process has stayed up for > than 1 seconds (startsecs)
2020-10-22 17:17:02,237 INFO exited: mytwittersearch (exit status 0; expected)
2020-10-22 17:17:03,282 INFO spawned: 'mytwittersearch' with pid 24143
2020-10-22 17:17:04,285 INFO success: mytwittersearch entered RUNNING state, process has stayed up for > than 1 seconds (startsecs)
2020-10-22 17:24:52,891 WARN received SIGTERM indicating exit request
2020-10-22 17:24:52,895 INFO waiting for mytwittersearch to die
2020-10-22 17:24:52,900 INFO stopped: mytwittersearch (terminated by SIGKILL)
2020-10-22 17:28:42,562 INFO Increased RLIMIT_NOFILE limit to 1024
2020-10-22 17:28:42,687 INFO RPC interface 'supervisor' initialized
2020-10-22 17:28:42,687 CRIT Server 'inet_http_server' running without any HTTP authentication checking
2020-10-22 17:28:42,693 INFO daemonizing the supervisord process
2020-10-22 17:28:42,695 INFO supervisord started with pid 1241
2020-10-22 17:28:43,700 INFO spawned: 'mytwittersearch' with pid 1242
2020-10-22 17:28:44,706 INFO success: mytwittersearch entered RUNNING state, process has stayed up for > than 1 seconds (startsecs)
2020-10-23 07:58:43,738 INFO exited: mytwittersearch (exit status 0; expected)
2020-10-23 07:58:44,746 INFO spawned: 'mytwittersearch' with pid 3831
2020-10-23 07:58:45,852 INFO success: mytwittersearch entered RUNNING state, process has stayed up for > than 1 seconds (startsecs)
2020-10-23 13:28:10,397 INFO exited: mytwittersearch (exit status 0; expected)
2020-10-23 13:28:11,406 INFO spawned: 'mytwittersearch' with pid 5765
2020-10-23 13:28:12,430 INFO success: mytwittersearch entered RUNNING state, process has stayed up for > than 1 seconds (startsecs)
2020-10-24 05:44:58,216 INFO exited: mytwittersearch (exit status 0; expected)
2020-10-24 05:44:59,911 INFO spawned: 'mytwittersearch' with pid 6134
2020-10-24 05:45:01,311 INFO success: mytwittersearch entered RUNNING state, process has stayed up for > than 1 seconds (startsecs)
2020-10-24 09:15:46,561 INFO exited: mytwittersearch (exit status 0; expected)
2020-10-24 09:15:47,570 INFO spawned: 'mytwittersearch' with pid 6435
2020-10-24 09:15:48,584 INFO success: mytwittersearch entered RUNNING state, process has stayed up for > than 1 seconds (startsecs)
2020-10-25 02:19:43,037 INFO exited: mytwittersearch (exit status 0; expected)
2020-10-25 02:19:44,046 INFO spawned: 'mytwittersearch' with pid 7369
2020-10-25 02:19:45,050 INFO success: mytwittersearch entered RUNNING state, process has stayed up for > than 1 seconds (startsecs)
2020-10-25 05:19:46,534 INFO exited: mytwittersearch (exit status 0; expected)
2020-10-25 05:19:47,603 INFO spawned: 'mytwittersearch' with pid 7409
2020-10-25 05:19:48,606 INFO success: mytwittersearch entered RUNNING state, process has stayed up for > than 1 seconds (startsecs)
2020-10-25 05:19:48,640 INFO exited: mytwittersearch (exit status 0; expected)
2020-10-25 05:19:49,645 INFO spawned: 'mytwittersearch' with pid 7435
2020-10-25 05:19:51,155 INFO success: mytwittersearch entered RUNNING state, process has stayed up for > than 1 seconds (startsecs)
2020-10-25 21:24:24,479 INFO exited: mytwittersearch (exit status 0; expected)
2020-10-25 21:24:25,490 INFO spawned: 'mytwittersearch' with pid 7565
2020-10-25 21:24:26,494 INFO success: mytwittersearch entered RUNNING state, process has stayed up for > than 1 seconds (startsecs)
2020-10-26 01:48:47,500 INFO exited: mytwittersearch (exit status 0; expected)
2020-10-26 01:48:48,506 INFO spawned: 'mytwittersearch' with pid 7708
2020-10-26 01:48:49,510 INFO success: mytwittersearch entered RUNNING state, process has stayed up for > than 1 seconds (startsecs)
2020-10-26 08:00:54,412 INFO exited: mytwittersearch (exit status 0; expected)
2020-10-26 08:00:55,418 INFO spawned: 'mytwittersearch' with pid 8212
2020-10-26 08:00:56,442 INFO success: mytwittersearch entered RUNNING state, process has stayed up for > than 1 seconds (startsecs)
2020-10-26 14:23:43,842 INFO exited: mytwittersearch (exit status 0; expected)
2020-10-26 14:23:44,854 INFO spawned: 'mytwittersearch' with pid 14364
2020-10-26 14:23:45,857 INFO success: mytwittersearch entered RUNNING state, process has stayed up for > than 1 seconds (startsecs)
2020-10-26 14:45:07,252 INFO waiting for mytwittersearch to stop
2020-10-26 14:45:07,260 INFO stopped: mytwittersearch (terminated by SIGKILL)
2020-10-26 14:45:21,751 INFO spawned: 'mytwittersearch' with pid 14957
2020-10-26 14:45:22,756 INFO success: mytwittersearch entered RUNNING state, process has stayed up for > than 1 seconds (startsecs)
2020-10-26 18:29:40,331 INFO exited: mytwittersearch (exit status 0; expected)
2020-10-26 18:29:41,341 INFO spawned: 'mytwittersearch' with pid 16676
2020-10-26 18:29:42,345 INFO success: mytwittersearch entered RUNNING state, process has stayed up for > than 1 seconds (startsecs)
2020-10-27 10:23:19,170 INFO exited: mytwittersearch (exit status 0; expected)
2020-10-27 10:23:20,180 INFO spawned: 'mytwittersearch' with pid 18171
2020-10-27 10:23:21,182 INFO success: mytwittersearch entered RUNNING state, process has stayed up for > than 1 seconds (startsecs)
2020-10-27 14:58:04,775 INFO exited: mytwittersearch (exit status 0; expected)
2020-10-27 14:58:05,781 INFO spawned: 'mytwittersearch' with pid 20695
2020-10-27 14:58:06,784 INFO success: mytwittersearch entered RUNNING state, process has stayed up for > than 1 seconds (startsecs)
2020-10-27 21:15:45,052 INFO exited: mytwittersearch (exit status 0; expected)
2020-10-27 21:15:46,068 INFO spawned: 'mytwittersearch' with pid 24205
2020-10-27 21:15:47,102 INFO success: mytwittersearch entered RUNNING state, process has stayed up for > than 1 seconds (startsecs)
2020-10-27 21:23:05,829 INFO exited: mytwittersearch (exit status 0; expected)
2020-10-27 21:23:06,874 INFO spawned: 'mytwittersearch' with pid 24286
2020-10-27 21:23:07,910 INFO success: mytwittersearch entered RUNNING state, process has stayed up for > than 1 seconds (startsecs)
2020-10-28 08:28:36,604 INFO exited: mytwittersearch (exit status 0; expected)
2020-10-28 08:28:37,632 INFO spawned: 'mytwittersearch' with pid 24754
2020-10-28 08:28:38,636 INFO success: mytwittersearch entered RUNNING state, process has stayed up for > than 1 seconds (startsecs)
2020-10-28 14:42:59,956 INFO exited: mytwittersearch (exit status 0; expected)
2020-10-28 14:43:01,443 INFO spawned: 'mytwittersearch' with pid 28077
2020-10-28 14:43:02,553 INFO success: mytwittersearch entered RUNNING state, process has stayed up for > than 1 seconds (startsecs)
2020-10-29 08:23:27,404 INFO exited: mytwittersearch (exit status 0; expected)
2020-10-29 08:23:28,460 INFO spawned: 'mytwittersearch' with pid 33075
2020-10-29 08:23:29,462 INFO success: mytwittersearch entered RUNNING state, process has stayed up for > than 1 seconds (startsecs)
2020-10-29 14:31:48,073 INFO exited: mytwittersearch (exit status 0; expected)
2020-10-29 14:31:49,102 INFO spawned: 'mytwittersearch' with pid 38414
2020-10-29 14:31:50,172 INFO success: mytwittersearch entered RUNNING state, process has stayed up for > than 1 seconds (startsecs)
2020-10-29 19:54:17,149 INFO exited: mytwittersearch (exit status 0; expected)
2020-10-29 19:54:18,158 INFO spawned: 'mytwittersearch' with pid 40793
2020-10-29 19:54:19,165 INFO success: mytwittersearch entered RUNNING state, process has stayed up for > than 1 seconds (startsecs)
